[0108/001233.857:ERROR:process_memory_win.cc(73)] ReadMemory at 0x7ff658130000 of 64 bytes failed: Only part of a ReadProcessMemory or WriteProcessMemory request was completed. (0x12B)
[0108/001233.858:WARNING:pe_image_reader.cc(340)] could not read dos header from C:\Program Files (x86)\Google\Chrome\Application\chrome.exe
[0108/001233.858:ERROR:process_memory_win.cc(73)] ReadMemory at 0x7ffb13840000 of 64 bytes failed: Only part of a ReadProcessMemory or WriteProcessMemory request was completed. (0x12B)
[0108/001233.858:WARNING:pe_image_reader.cc(340)] could not read dos header from C:\Windows\SYSTEM32\ntdll.dll
[0108/001233.859:ERROR:process_memory_win.cc(73)] ReadMemory at 0x7ffb12d00000 of 64 bytes failed: Only part of a ReadProcessMemory or WriteProcessMemory request was completed. (0x12B)
[0108/001233.859:WARNING:pe_image_reader.cc(340)] could not read dos header from C:\Windows\system32\KERNEL32.DLL
[0108/001233.859:ERROR:process_memory_win.cc(73)] ReadMemory at 0x7ffb10db0000 of 64 bytes failed: Only part of a ReadProcessMemory or WriteProcessMemory request was completed. (0x12B)
[0108/001233.859:WARNING:pe_image_reader.cc(340)] could not read dos header from C:\Windows\system32\KERNELBASE.dll
[0108/001233.859:ERROR:process_memory_win.cc(73)] ReadMemory at 0x7ffaf83e0000 of 64 bytes failed: Only part of a ReadProcessMemory or WriteProcessMemory request was completed. (0x12B)
[0108/001233.859:WARNING:pe_image_reader.cc(340)] could not read dos header from C:\Program Files (x86)\Google\Chrome\Application\79.0.3941.4\chrome_elf.dll
[0108/001233.859:ERROR:process_memory_win.cc(73)] ReadMemory at 0x7ffb0e8d0000 of 64 bytes failed: Only part of a ReadProcessMemory or WriteProcessMemory request was completed. (0x12B)
[0108/001233.859:WARNING:pe_image_reader.cc(340)] could not read dos header from C:\Windows\SYSTEM32\VERSION.dll
[0108/001233.859:ERROR:process_memory_win.cc(73)] ReadMemory at 0x7ffb13790000 of 64 bytes failed: Only part of a ReadProcessMemory or WriteProcessMemory request was completed. (0x12B)
[0108/001233.859:WARNING:pe_image_reader.cc(340)] could not read dos header from C:\Windows\system32\msvcrt.dll
[0108/001233.859:ERROR:process_memory_win.cc(73)] ReadMemory at 0x7ffb113c0000 of 64 bytes failed: Only part of a ReadProcessMemory or WriteProcessMemory request was completed. (0x12B)
[0108/001233.859:WARNING:pe_image_reader.cc(340)] could not read dos header from C:\Windows\system32\ADVAPI32.dll
[0108/001233.859:ERROR:process_memory_win.cc(73)] ReadMemory at 0x7ffb12fe0000 of 64 bytes failed: Only part of a ReadProcessMemory or WriteProcessMemory request was completed. (0x12B)
[0108/001233.859:WARNING:pe_image_reader.cc(340)] could not read dos header from C:\Windows\SYSTEM32\sechost.dll
[0108/001233.859:ERROR:process_memory_win.cc(73)] ReadMemory at 0x7ffb129a0000 of 64 bytes failed: Only part of a ReadProcessMemory or WriteProcessMemory request was completed. (0x12B)
[0108/001233.859:WARNING:pe_image_reader.cc(340)] could not read dos header from C:\Windows\system32\RPCRT4.dll
[0108/001233.859:ERROR:process_memory_win.cc(73)] ReadMemory at 0x7ffb10a40000 of 64 bytes failed: Only part of a ReadProcessMemory or WriteProcessMemory request was completed. (0x12B)
[0108/001233.859:WARNING:pe_image_reader.cc(340)] could not read dos header from C:\Windows\system32\SspiCli.dll
[0108/001233.859:ERROR:process_memory_win.cc(73)] ReadMemory at 0xbe89350000 of 64 bytes failed: Only part of a ReadProcessMemory or WriteProcessMemory request was completed. (0x12B)
[0108/001233.859:WARNING:pe_image_reader.cc(340)] could not read dos header from C:\Windows\system32\user32.dll
[0108/001233.859:ERROR:process_memory_win.cc(73)] ReadMemory at 0x7ffb10ed0000 of 64 bytes failed: Only part of a ReadProcessMemory or WriteProcessMemory request was completed. (0x12B)
[0108/001233.859:WARNING:pe_image_reader.cc(340)] could not read dos header from C:\Windows\system32\GDI32.dll
[0108/001233.859:ERROR:process_memory_win.cc(73)] ReadMemory at 0x7ffb12ae0000 of 64 bytes failed: Only part of a ReadProcessMemory or WriteProcessMemory request was completed. (0x12B)
[0108/001233.859:WARNING:pe_image_reader.cc(340)] could not read dos header from C:\Windows\system32\IMM32.DLL
[0108/001233.860:ERROR:process_memory_win.cc(73)] ReadMemory at 0x7ffb13280000 of 64 bytes failed: Only part of a ReadProcessMemory or WriteProcessMemory request was completed. (0x12B)
[0108/001233.860:WARNING:pe_image_reader.cc(340)] could not read dos header from C:\Windows\system32\MSCTF.dll
[0108/001233.860:ERROR:process_memory_win.cc(73)] ReadMemory at 0x7ffae4760000 of 64 bytes failed: Only part of a ReadProcessMemory or WriteProcessMemory request was completed. (0x12B)
[0108/001233.860:WARNING:pe_image_reader.cc(340)] could not read dos header from C:\Program Files (x86)\Google\Chrome\Application\79.0.3941.4\chrome_child.dll
[0108/001233.860:ERROR:process_memory_win.cc(73)] ReadMemory at 0x7ffb131b0000 of 64 bytes failed: Only part of a ReadProcessMemory or WriteProcessMemory request was completed. (0x12B)
[0108/001233.860:WARNING:pe_image_reader.cc(340)] could not read dos header from C:\Windows\system32\OLEAUT32.dll
[0108/001233.860:ERROR:process_memory_win.cc(73)] ReadMemory at 0x7ffb12c40000 of 64 bytes failed: Only part of a ReadProcessMemory or WriteProcessMemory request was completed. (0x12B)
[0108/001233.860:WARNING:pe_image_reader.cc(340)] could not read dos header from C:\Windows\system32\WS2_32.dll
[0108/001233.860:ERROR:process_memory_win.cc(73)] ReadMemory at 0x7ffb0a9a0000 of 64 bytes failed: Only part of a ReadProcessMemory or WriteProcessMemory request was completed. (0x12B)
[0108/001233.860:WARNING:pe_image_reader.cc(340)] could not read dos header from C:\Windows\SYSTEM32\IPHLPAPI.DLL
[0108/001233.860:ERROR:process_memory_win.cc(73)] ReadMemory at 0x7ffb0ef20000 of 64 bytes failed: Only part of a ReadProcessMemory or WriteProcessMemory request was completed. (0x12B)
[0108/001233.860:WARNING:pe_image_reader.cc(340)] could not read dos header from C:\Windows\SYSTEM32\WINMM.dll
[0108/001233.860:ERROR:process_memory_win.cc(73)] ReadMemory at 0x7ffb10d50000 of 64 bytes failed: Only part of a ReadProcessMemory or WriteProcessMemory request was completed. (0x12B)
[0108/001233.860:WARNING:pe_image_reader.cc(340)] could not read dos header from C:\Windows\system32\WINTRUST.dll
[0108/001233.860:ERROR:process_memory_win.cc(73)] ReadMemory at 0x7ffb10b70000 of 64 bytes failed: Only part of a ReadProcessMemory or WriteProcessMemory request was completed. (0x12B)
[0108/001233.860:WARNING:pe_image_reader.cc(340)] could not read dos header from C:\Windows\system32\CRYPT32.dll
[0108/001233.860:ERROR:process_memory_win.cc(73)] ReadMemory at 0x7ffb0ff30000 of 64 bytes failed: Only part of a ReadProcessMemory or WriteProcessMemory request was completed. (0x12B)
[0108/001233.860:WARNING:pe_image_reader.cc(340)] could not read dos header from C:\Windows\SYSTEM32\USERENV.dll
[0108/001233.860:ERROR:process_memory_win.cc(73)] ReadMemory at 0x7ffb0e250000 of 64 bytes failed: Only part of a ReadProcessMemory or WriteProcessMemory request was completed. (0x12B)
[0108/001233.860:WARNING:pe_image_reader.cc(340)] could not read dos header from C:\Windows\SYSTEM32\DWrite.dll
[0108/001233.860:ERROR:process_memory_win.cc(73)] ReadMemory at 0x7ffb0c450000 of 64 bytes failed: Only part of a ReadProcessMemory or WriteProcessMemory request was completed. (0x12B)
[0108/001233.860:WARNING:pe_image_reader.cc(340)] could not read dos header from C:\Windows\SYSTEM32\WINSPOOL.DRV
[0108/001233.860:ERROR:process_memory_win.cc(73)] ReadMemory at 0x7ffb0b7f0000 of 64 bytes failed: Only part of a ReadProcessMemory or WriteProcessMemory request was completed. (0x12B)
[0108/001233.860:WARNING:pe_image_reader.cc(340)] could not read dos header from C:\Windows\SYSTEM32\dbghelp.dll
[0108/001233.860:ERROR:process_memory_win.cc(73)] ReadMemory at 0x7ffb06390000 of 64 bytes failed: Only part of a ReadProcessMemory or WriteProcessMemory request was completed. (0x12B)
[0108/001233.860:WARNING:pe_image_reader.cc(340)] could not read dos header from C:\Windows\SYSTEM32\Secur32.dll
[0108/001233.860:ERROR:process_memory_win.cc(73)] ReadMemory at 0x7ffb07d30000 of 64 bytes failed: Only part of a ReadProcessMemory or WriteProcessMemory request was completed. (0x12B)
[0108/001233.860:WARNING:pe_image_reader.cc(340)] could not read dos header from C:\Windows\SYSTEM32\WINHTTP.dll
[0108/001233.861:ERROR:process_memory_win.cc(73)] ReadMemory at 0x7ffb0a650000 of 64 bytes failed: Only part of a ReadProcessMemory or WriteProcessMemory request was completed. (0x12B)
[0108/001233.861:WARNING:pe_image_reader.cc(340)] could not read dos header from C:\Windows\SYSTEM32\dhcpcsvc.DLL
[0108/001233.861:ERROR:process_memory_win.cc(73)] ReadMemory at 0x7ffb133e0000 of 64 bytes failed: Only part of a ReadProcessMemory or WriteProcessMemory request was completed. (0x12B)
[0108/001233.861:WARNING:pe_image_reader.cc(340)] could not read dos header from C:\Windows\system32\combase.dll
[0108/001233.861:ERROR:process_memory_win.cc(73)] ReadMemory at 0x7ffb12fd0000 of 64 bytes failed: Only part of a ReadProcessMemory or WriteProcessMemory request was completed. (0x12B)
[0108/001233.861:WARNING:pe_image_reader.cc(340)] could not read dos header from C:\Windows\system32\NSI.dll
[0108/001233.861:ERROR:process_memory_win.cc(73)] ReadMemory at 0x7ffb0a980000 of 64 bytes failed: Only part of a ReadProcessMemory or WriteProcessMemory request was completed. (0x12B)
[0108/001233.861:WARNING:pe_image_reader.cc(340)] could not read dos header from C:\Windows\SYSTEM32\WINNSI.DLL
[0108/001233.861:ERROR:process_memory_win.cc(73)] ReadMemory at 0x7ffb0eef0000 of 64 bytes failed: Only part of a ReadProcessMemory or WriteProcessMemory request was completed. (0x12B)
[0108/001233.861:WARNING:pe_image_reader.cc(340)] could not read dos header from C:\Windows\SYSTEM32\WINMMBASE.dll
[0108/001233.861:ERROR:process_memory_win.cc(73)] ReadMemory at 0x7ffb10a20000 of 64 bytes failed: Only part of a ReadProcessMemory or WriteProcessMemory request was completed. (0x12B)
[0108/001233.861:WARNING:pe_image_reader.cc(340)] could not read dos header from C:\Windows\system32\MSASN1.dll
[0108/001233.861:ERROR:process_memory_win.cc(73)] ReadMemory at 0x7ffb10970000 of 64 bytes failed: Only part of a ReadProcessMemory or WriteProcessMemory request was completed. (0x12B)
[0108/001233.861:WARNING:pe_image_reader.cc(340)] could not read dos header from C:\Windows\SYSTEM32\profapi.dll
[0108/001233.861:ERROR:process_memory_win.cc(73)] ReadMemory at 0x7ffb10a70000 of 64 bytes failed: Only part of a ReadProcessMemory or WriteProcessMemory request was completed. (0x12B)
[0108/001233.861:WARNING:pe_image_reader.cc(340)] could not read dos header from C:\Windows\SYSTEM32\cfgmgr32.dll
[0108/001233.861:ERROR:process_memory_win.cc(73)] ReadMemory at 0x7ffb0f780000 of 64 bytes failed: Only part of a ReadProcessMemory or WriteProcessMemory request was completed. (0x12B)
[0108/001233.861:WARNING:pe_image_reader.cc(340)] could not read dos header from C:\Windows\SYSTEM32\DEVOBJ.dll
[0108/001233.861:ERROR:process_memory_win.cc(73)] ReadMemory at 0x7ffb107e0000 of 64 bytes failed: Only part of a ReadProcessMemory or WriteProcessMemory request was completed. (0x12B)
[0108/001233.861:WARNING:pe_image_reader.cc(340)] could not read dos header from C:\Windows\SYSTEM32\CRYPTBASE.DLL
[0108/001233.861:ERROR:process_memory_win.cc(73)] ReadMemory at 0x7ffb10770000 of 64 bytes failed: Only part of a ReadProcessMemory or WriteProcessMemory request was completed. (0x12B)
[0108/001233.861:WARNING:pe_image_reader.cc(340)] could not read dos header from C:\Windows\SYSTEM32\bcryptPrimitives.dll
[0108/001233.861:ERROR:process_memory_win.cc(73)] ReadMemory at 0x7ff658130000 of 64 bytes failed: Only part of a ReadProcessMemory or WriteProcessMemory request was completed. (0x12B)
[0108/001233.861:WARNING:pe_image_reader.cc(340)] could not read dos header from C:\Program Files (x86)\Google\Chrome\Application\chrome.exe
[0108/001233.861:ERROR:process_memory_win.cc(73)] ReadMemory at 0x7ffb13840000 of 64 bytes failed: Only part of a ReadProcessMemory or WriteProcessMemory request was completed. (0x12B)
[0108/001233.861:WARNING:pe_image_reader.cc(340)] could not read dos header from C:\Windows\SYSTEM32\ntdll.dll
[0108/001233.861:ERROR:process_memory_win.cc(73)] ReadMemory at 0x7ffb12d00000 of 64 bytes failed: Only part of a ReadProcessMemory or WriteProcessMemory request was completed. (0x12B)
[0108/001233.861:WARNING:pe_image_reader.cc(340)] could not read dos header from C:\Windows\system32\KERNEL32.DLL
[0108/001233.861:ERROR:process_memory_win.cc(73)] ReadMemory at 0x7ffb10db0000 of 64 bytes failed: Only part of a ReadProcessMemory or WriteProcessMemory request was completed. (0x12B)
[0108/001233.861:WARNING:pe_image_reader.cc(340)] could not read dos header from C:\Windows\system32\KERNELBASE.dll
[0108/001233.861:ERROR:process_memory_win.cc(73)] ReadMemory at 0x7ffaf83e0000 of 64 bytes failed: Only part of a ReadProcessMemory or WriteProcessMemory request was completed. (0x12B)
[0108/001233.862:WARNING:pe_image_reader.cc(340)] could not read dos header from C:\Program Files (x86)\Google\Chrome\Application\79.0.3941.4\chrome_elf.dll
[0108/001233.862:ERROR:process_memory_win.cc(73)] ReadMemory at 0x7ffb0e8d0000 of 64 bytes failed: Only part of a ReadProcessMemory or WriteProcessMemory request was completed. (0x12B)
[0108/001233.862:WARNING:pe_image_reader.cc(340)] could not read dos header from C:\Windows\SYSTEM32\VERSION.dll
[0108/001233.862:ERROR:process_memory_win.cc(73)] ReadMemory at 0x7ffb13790000 of 64 bytes failed: Only part of a ReadProcessMemory or WriteProcessMemory request was completed. (0x12B)
[0108/001233.862:WARNING:pe_image_reader.cc(340)] could not read dos header from C:\Windows\system32\msvcrt.dll
[0108/001233.862:ERROR:process_memory_win.cc(73)] ReadMemory at 0x7ffb113c0000 of 64 bytes failed: Only part of a ReadProcessMemory or WriteProcessMemory request was completed. (0x12B)
[0108/001233.862:WARNING:pe_image_reader.cc(340)] could not read dos header from C:\Windows\system32\ADVAPI32.dll
[0108/001233.862:ERROR:process_memory_win.cc(73)] ReadMemory at 0x7ffb12fe0000 of 64 bytes failed: Only part of a ReadProcessMemory or WriteProcessMemory request was completed. (0x12B)
[0108/001233.862:WARNING:pe_image_reader.cc(340)] could not read dos header from C:\Windows\SYSTEM32\sechost.dll
[0108/001233.862:ERROR:process_memory_win.cc(73)] ReadMemory at 0x7ffb129a0000 of 64 bytes failed: Only part of a ReadProcessMemory or WriteProcessMemory request was completed. (0x12B)
[0108/001233.862:WARNING:pe_image_reader.cc(340)] could not read dos header from C:\Windows\system32\RPCRT4.dll
[0108/001233.862:ERROR:process_memory_win.cc(73)] ReadMemory at 0x7ffb10a40000 of 64 bytes failed: Only part of a ReadProcessMemory or WriteProcessMemory request was completed. (0x12B)
[0108/001233.862:WARNING:pe_image_reader.cc(340)] could not read dos header from C:\Windows\system32\SspiCli.dll
[0108/001233.862:ERROR:process_memory_win.cc(73)] ReadMemory at 0xbe89350000 of 64 bytes failed: Only part of a ReadProcessMemory or WriteProcessMemory request was completed. (0x12B)
[0108/001233.862:WARNING:pe_image_reader.cc(340)] could not read dos header from C:\Windows\system32\user32.dll
[0108/001233.862:ERROR:process_memory_win.cc(73)] ReadMemory at 0x7ffb10ed0000 of 64 bytes failed: Only part of a ReadProcessMemory or WriteProcessMemory request was completed. (0x12B)
[0108/001233.862:WARNING:pe_image_reader.cc(340)] could not read dos header from C:\Windows\system32\GDI32.dll
[0108/001233.862:ERROR:process_memory_win.cc(73)] ReadMemory at 0x7ffb12ae0000 of 64 bytes failed: Only part of a ReadProcessMemory or WriteProcessMemory request was completed. (0x12B)
[0108/001233.862:WARNING:pe_image_reader.cc(340)] could not read dos header from C:\Windows\system32\IMM32.DLL
[0108/001233.862:ERROR:process_memory_win.cc(73)] ReadMemory at 0x7ffb13280000 of 64 bytes failed: Only part of a ReadProcessMemory or WriteProcessMemory request was completed. (0x12B)
[0108/001233.862:WARNING:pe_image_reader.cc(340)] could not read dos header from C:\Windows\system32\MSCTF.dll
[0108/001233.862:ERROR:process_memory_win.cc(73)] ReadMemory at 0x7ffae4760000 of 64 bytes failed: Only part of a ReadProcessMemory or WriteProcessMemory request was completed. (0x12B)
[0108/001233.862:WARNING:pe_image_reader.cc(340)] could not read dos header from C:\Program Files (x86)\Google\Chrome\Application\79.0.3941.4\chrome_child.dll
[0108/001233.862:ERROR:process_memory_win.cc(73)] ReadMemory at 0x7ffb131b0000 of 64 bytes failed: Only part of a ReadProcessMemory or WriteProcessMemory request was completed. (0x12B)
[0108/001233.862:WARNING:pe_image_reader.cc(340)] could not read dos header from C:\Windows\system32\OLEAUT32.dll
[0108/001233.862:ERROR:process_memory_win.cc(73)] ReadMemory at 0x7ffb12c40000 of 64 bytes failed: Only part of a ReadProcessMemory or WriteProcessMemory request was completed. (0x12B)
[0108/001233.862:WARNING:pe_image_reader.cc(340)] could not read dos header from C:\Windows\system32\WS2_32.dll
[0108/001233.862:ERROR:process_memory_win.cc(73)] ReadMemory at 0x7ffb0a9a0000 of 64 bytes failed: Only part of a ReadProcessMemory or WriteProcessMemory request was completed. (0x12B)
[0108/001233.862:WARNING:pe_image_reader.cc(340)] could not read dos header from C:\Windows\SYSTEM32\IPHLPAPI.DLL
[0108/001233.862:ERROR:process_memory_win.cc(73)] ReadMemory at 0x7ffb0ef20000 of 64 bytes failed: Only part of a ReadProcessMemory or WriteProcessMemory request was completed. (0x12B)
[0108/001233.862:WARNING:pe_image_reader.cc(340)] could not read dos header from C:\Windows\SYSTEM32\WINMM.dll
[0108/001233.862:ERROR:process_memory_win.cc(73)] ReadMemory at 0x7ffb10d50000 of 64 bytes failed: Only part of a ReadProcessMemory or WriteProcessMemory request was completed. (0x12B)
[0108/001233.862:WARNING:pe_image_reader.cc(340)] could not read dos header from C:\Windows\system32\WINTRUST.dll
[0108/001233.862:ERROR:process_memory_win.cc(73)] ReadMemory at 0x7ffb10b70000 of 64 bytes failed: Only part of a ReadProcessMemory or WriteProcessMemory request was completed. (0x12B)
[0108/001233.862:WARNING:pe_image_reader.cc(340)] could not read dos header from C:\Windows\system32\CRYPT32.dll
[0108/001233.862:ERROR:process_memory_win.cc(73)] ReadMemory at 0x7ffb0ff30000 of 64 bytes failed: Only part of a ReadProcessMemory or WriteProcessMemory request was completed. (0x12B)
[0108/001233.862:WARNING:pe_image_reader.cc(340)] could not read dos header from C:\Windows\SYSTEM32\USERENV.dll
[0108/001233.862:ERROR:process_memory_win.cc(73)] ReadMemory at 0x7ffb0e250000 of 64 bytes failed: Only part of a ReadProcessMemory or WriteProcessMemory request was completed. (0x12B)
[0108/001233.862:WARNING:pe_image_reader.cc(340)] could not read dos header from C:\Windows\SYSTEM32\DWrite.dll
[0108/001233.862:ERROR:process_memory_win.cc(73)] ReadMemory at 0x7ffb0c450000 of 64 bytes failed: Only part of a ReadProcessMemory or WriteProcessMemory request was completed. (0x12B)
[0108/001233.862:WARNING:pe_image_reader.cc(340)] could not read dos header from C:\Windows\SYSTEM32\WINSPOOL.DRV
[0108/001233.862:ERROR:process_memory_win.cc(73)] ReadMemory at 0x7ffb0b7f0000 of 64 bytes failed: Only part of a ReadProcessMemory or WriteProcessMemory request was completed. (0x12B)
[0108/001233.863:WARNING:pe_image_reader.cc(340)] could not read dos header from C:\Windows\SYSTEM32\dbghelp.dll
[0108/001233.863:ERROR:process_memory_win.cc(73)] ReadMemory at 0x7ffb06390000 of 64 bytes failed: Only part of a ReadProcessMemory or WriteProcessMemory request was completed. (0x12B)
[0108/001233.863:WARNING:pe_image_reader.cc(340)] could not read dos header from C:\Windows\SYSTEM32\Secur32.dll
[0108/001233.863:ERROR:process_memory_win.cc(73)] ReadMemory at 0x7ffb07d30000 of 64 bytes failed: Only part of a ReadProcessMemory or WriteProcessMemory request was completed. (0x12B)
[0108/001233.863:WARNING:pe_image_reader.cc(340)] could not read dos header from C:\Windows\SYSTEM32\WINHTTP.dll
[0108/001233.863:ERROR:process_memory_win.cc(73)] ReadMemory at 0x7ffb0a650000 of 64 bytes failed: Only part of a ReadProcessMemory or WriteProcessMemory request was completed. (0x12B)
[0108/001233.863:WARNING:pe_image_reader.cc(340)] could not read dos header from C:\Windows\SYSTEM32\dhcpcsvc.DLL
[0108/001233.863:ERROR:process_memory_win.cc(73)] ReadMemory at 0x7ffb133e0000 of 64 bytes failed: Only part of a ReadProcessMemory or WriteProcessMemory request was completed. (0x12B)
[0108/001233.863:WARNING:pe_image_reader.cc(340)] could not read dos header from C:\Windows\system32\combase.dll
[0108/001233.863:ERROR:process_memory_win.cc(73)] ReadMemory at 0x7ffb12fd0000 of 64 bytes failed: Only part of a ReadProcessMemory or WriteProcessMemory request was completed. (0x12B)
[0108/001233.863:WARNING:pe_image_reader.cc(340)] could not read dos header from C:\Windows\system32\NSI.dll
[0108/001233.863:ERROR:process_memory_win.cc(73)] ReadMemory at 0x7ffb0a980000 of 64 bytes failed: Only part of a ReadProcessMemory or WriteProcessMemory request was completed. (0x12B)
[0108/001233.863:WARNING:pe_image_reader.cc(340)] could not read dos header from C:\Windows\SYSTEM32\WINNSI.DLL
[0108/001233.863:ERROR:process_memory_win.cc(73)] ReadMemory at 0x7ffb0eef0000 of 64 bytes failed: Only part of a ReadProcessMemory or WriteProcessMemory request was completed. (0x12B)
[0108/001233.863:WARNING:pe_image_reader.cc(340)] could not read dos header from C:\Windows\SYSTEM32\WINMMBASE.dll
[0108/001233.863:ERROR:process_memory_win.cc(73)] ReadMemory at 0x7ffb10a20000 of 64 bytes failed: Only part of a ReadProcessMemory or WriteProcessMemory request was completed. (0x12B)
[0108/001233.863:WARNING:pe_image_reader.cc(340)] could not read dos header from C:\Windows\system32\MSASN1.dll
[0108/001233.863:ERROR:process_memory_win.cc(73)] ReadMemory at 0x7ffb10970000 of 64 bytes failed: Only part of a ReadProcessMemory or WriteProcessMemory request was completed. (0x12B)
[0108/001233.863:WARNING:pe_image_reader.cc(340)] could not read dos header from C:\Windows\SYSTEM32\profapi.dll
[0108/001233.863:ERROR:process_memory_win.cc(73)] ReadMemory at 0x7ffb10a70000 of 64 bytes failed: Only part of a ReadProcessMemory or WriteProcessMemory request was completed. (0x12B)
[0108/001233.863:WARNING:pe_image_reader.cc(340)] could not read dos header from C:\Windows\SYSTEM32\cfgmgr32.dll
[0108/001233.863:ERROR:process_memory_win.cc(73)] ReadMemory at 0x7ffb0f780000 of 64 bytes failed: Only part of a ReadProcessMemory or WriteProcessMemory request was completed. (0x12B)
[0108/001233.863:WARNING:pe_image_reader.cc(340)] could not read dos header from C:\Windows\SYSTEM32\DEVOBJ.dll
[0108/001233.863:ERROR:process_memory_win.cc(73)] ReadMemory at 0x7ffb107e0000 of 64 bytes failed: Only part of a ReadProcessMemory or WriteProcessMemory request was completed. (0x12B)
[0108/001233.863:WARNING:pe_image_reader.cc(340)] could not read dos header from C:\Windows\SYSTEM32\CRYPTBASE.DLL
[0108/001233.863:ERROR:process_memory_win.cc(73)] ReadMemory at 0x7ffb10770000 of 64 bytes failed: Only part of a ReadProcessMemory or WriteProcessMemory request was completed. (0x12B)
[0108/001233.863:WARNING:pe_image_reader.cc(340)] could not read dos header from C:\Windows\SYSTEM32\bcryptPrimitives.dll
[0108/001233.868:ERROR:process_memory_win.cc(73)] ReadMemory at 0xbe88e8a000 of 24576 bytes failed: Only part of a ReadProcessMemory or WriteProcessMemory request was completed. (0x12B)
[0108/001233.868:ERROR:process_memory_win.cc(73)] ReadMemory at 0xbe88ff0860 of 3010 bytes failed: Only part of a ReadProcessMemory or WriteProcessMemory request was completed. (0x12B)
[0108/001233.868:ERROR:process_memory_win.cc(73)] ReadMemory at 0xbe88ff1430 of 1012 bytes failed: Only part of a ReadProcessMemory or WriteProcessMemory request was completed. (0x12B)
[0108/001233.868:ERROR:process_memory_win.cc(73)] ReadMemory at 0xbe88ff1a48 of 118 bytes failed: Only part of a ReadProcessMemory or WriteProcessMemory request was completed. (0x12B)
[0108/001233.868:ERROR:process_memory_win.cc(73)] ReadMemory at 0xbe88ff1ac0 of 984 bytes failed: Only part of a ReadProcessMemory or WriteProcessMemory request was completed. (0x12B)
[0108/001233.868:ERROR:process_memory_win.cc(73)] ReadMemory at 0xbe88ff1e9a of 118 bytes failed: Only part of a ReadProcessMemory or WriteProcessMemory request was completed. (0x12B)
[0108/001233.868:ERROR:process_memory_win.cc(73)] ReadMemory at 0xbe88ff1f12 of 98 bytes failed: Only part of a ReadProcessMemory or WriteProcessMemory request was completed. (0x12B)
[0108/001233.868:ERROR:process_memory_win.cc(73)] ReadMemory at 0xbe88ff1f80 of 58 bytes failed: Only part of a ReadProcessMemory or WriteProcessMemory request was completed. (0x12B)
[0108/001233.868:ERROR:process_memory_win.cc(73)] ReadMemory at 0xbe88ff2080 of 132 bytes failed: Only part of a ReadProcessMemory or WriteProcessMemory request was completed. (0x12B)
[0108/001233.868:ERROR:process_memory_win.cc(73)] ReadMemory at 0xbe88ff2200 of 132 bytes failed: Only part of a ReadProcessMemory or WriteProcessMemory request was completed. (0x12B)
[0108/001233.868:ERROR:process_memory_win.cc(73)] ReadMemory at 0xbe88ff2410 of 122 bytes failed: Only part of a ReadProcessMemory or WriteProcessMemory request was completed. (0x12B)
[0108/001233.868:ERROR:process_memory_win.cc(73)] ReadMemory at 0xbe88ff2700 of 64 bytes failed: Only part of a ReadProcessMemory or WriteProcessMemory request was completed. (0x12B)
[0108/001233.868:ERROR:process_memory_win.cc(73)] ReadMemory at 0xbe88ff2750 of 132 bytes failed: Only part of a ReadProcessMemory or WriteProcessMemory request was completed. (0x12B)
[0108/001233.868:ERROR:process_memory_win.cc(73)] ReadMemory at 0xbe88ff2a10 of 150 bytes failed: Only part of a ReadProcessMemory or WriteProcessMemory request was completed. (0x12B)
[0108/001233.868:ERROR:process_memory_win.cc(73)] ReadMemory at 0xbe88ff2ac0 of 68 bytes failed: Only part of a ReadProcessMemory or WriteProcessMemory request was completed. (0x12B)
[0108/001233.869:ERROR:process_memory_win.cc(73)] ReadMemory at 0xbe88ff2b10 of 132 bytes failed: Only part of a ReadProcessMemory or WriteProcessMemory request was completed. (0x12B)
[0108/001233.869:ERROR:process_memory_win.cc(73)] ReadMemory at 0xbe88ff38e0 of 132 bytes failed: Only part of a ReadProcessMemory or WriteProcessMemory request was completed. (0x12B)
[0108/001233.869:ERROR:process_memory_win.cc(73)] ReadMemory at 0xbe88ff3b00 of 62 bytes failed: Only part of a ReadProcessMemory or WriteProcessMemory request was completed. (0x12B)
[0108/001233.869:ERROR:process_memory_win.cc(73)] ReadMemory at 0xbe88ff3b50 of 132 bytes failed: Only part of a ReadProcessMemory or WriteProcessMemory request was completed. (0x12B)
[0108/001233.869:ERROR:process_memory_win.cc(73)] ReadMemory at 0xbe88ff44f0 of 54 bytes failed: Only part of a ReadProcessMemory or WriteProcessMemory request was completed. (0x12B)
[0108/001233.869:ERROR:process_memory_win.cc(73)] ReadMemory at 0xbe88ff4950 of 60 bytes failed: Only part of a ReadProcessMemory or WriteProcessMemory request was completed. (0x12B)
[0108/001233.869:ERROR:process_memory_win.cc(73)] ReadMemory at 0xbe88ff49a0 of 132 bytes failed: Only part of a ReadProcessMemory or WriteProcessMemory request was completed. (0x12B)
[0108/001233.869:ERROR:process_memory_win.cc(73)] ReadMemory at 0xbe88ff4bf0 of 154 bytes failed: Only part of a ReadProcessMemory or WriteProcessMemory request was completed. (0x12B)
[0108/001233.869:ERROR:process_memory_win.cc(73)] ReadMemory at 0xbe88ff5e50 of 132 bytes failed: Only part of a ReadProcessMemory or WriteProcessMemory request was completed. (0x12B)
[0108/001233.869:ERROR:process_memory_win.cc(73)] ReadMemory at 0xbe88ff5f70 of 132 bytes failed: Only part of a ReadProcessMemory or WriteProcessMemory request was completed. (0x12B)
[0108/001233.869:ERROR:process_memory_win.cc(73)] ReadMemory at 0xbe88ff61d0 of 132 bytes failed: Only part of a ReadProcessMemory or WriteProcessMemory request was completed. (0x12B)
[0108/001233.869:ERROR:process_memory_win.cc(73)] ReadMemory at 0xbe88ff62f0 of 132 bytes failed: Only part of a ReadProcessMemory or WriteProcessMemory request was completed. (0x12B)
[0108/001233.869:ERROR:process_memory_win.cc(73)] ReadMemory at 0xbe88ff8930 of 132 bytes failed: Only part of a ReadProcessMemory or WriteProcessMemory request was completed. (0x12B)
[0108/001233.869:ERROR:process_memory_win.cc(73)] ReadMemory at 0xbe88ff8a50 of 132 bytes failed: Only part of a ReadProcessMemory or WriteProcessMemory request was completed. (0x12B)
[0108/001233.869:ERROR:process_memory_win.cc(73)] ReadMemory at 0xbe88ff97d0 of 132 bytes failed: Only part of a ReadProcessMemory or WriteProcessMemory request was completed. (0x12B)
[0108/001233.869:ERROR:process_memory_win.cc(73)] ReadMemory at 0xbe88ff9b90 of 62 bytes failed: Only part of a ReadProcessMemory or WriteProcessMemory request was completed. (0x12B)
[0108/001233.869:ERROR:process_memory_win.cc(73)] ReadMemory at 0xbe88ff9be0 of 60 bytes failed: Only part of a ReadProcessMemory or WriteProcessMemory request was completed. (0x12B)
[0108/001233.869:ERROR:process_memory_win.cc(73)] ReadMemory at 0xbe88ff9c30 of 60 bytes failed: Only part of a ReadProcessMemory or WriteProcessMemory request was completed. (0x12B)
[0108/001233.869:ERROR:process_memory_win.cc(73)] ReadMemory at 0xbe88ff9c80 of 62 bytes failed: Only part of a ReadProcessMemory or WriteProcessMemory request was completed. (0x12B)
[0108/001233.869:ERROR:process_memory_win.cc(73)] ReadMemory at 0xbe88ff9cd0 of 60 bytes failed: Only part of a ReadProcessMemory or WriteProcessMemory request was completed. (0x12B)
[0108/001233.869:ERROR:process_memory_win.cc(73)] ReadMemory at 0xbe88ff9d20 of 62 bytes failed: Only part of a ReadProcessMemory or WriteProcessMemory request was completed. (0x12B)
[0108/001233.869:ERROR:process_memory_win.cc(73)] ReadMemory at 0xbe88ff9d70 of 62 bytes failed: Only part of a ReadProcessMemory or WriteProcessMemory request was completed. (0x12B)
[0108/001233.869:ERROR:process_memory_win.cc(73)] ReadMemory at 0xbe88ff9dc0 of 62 bytes failed: Only part of a ReadProcessMemory or WriteProcessMemory request was completed. (0x12B)
[0108/001233.870:ERROR:process_memory_win.cc(73)] ReadMemory at 0xbe88ff9e10 of 64 bytes failed: Only part of a ReadProcessMemory or WriteProcessMemory request was completed. (0x12B)
[0108/001233.870:ERROR:process_memory_win.cc(73)] ReadMemory at 0xbe88ff9e60 of 60 bytes failed: Only part of a ReadProcessMemory or WriteProcessMemory request was completed. (0x12B)
[0108/001233.870:ERROR:process_memory_win.cc(73)] ReadMemory at 0xbe88ff9eb0 of 62 bytes failed: Only part of a ReadProcessMemory or WriteProcessMemory request was completed. (0x12B)
[0108/001233.870:ERROR:process_memory_win.cc(73)] ReadMemory at 0xbe88ff9f00 of 58 bytes failed: Only part of a ReadProcessMemory or WriteProcessMemory request was completed. (0x12B)
[0108/001233.870:ERROR:process_memory_win.cc(73)] ReadMemory at 0xbe88ff9f50 of 62 bytes failed: Only part of a ReadProcessMemory or WriteProcessMemory request was completed. (0x12B)
[0108/001233.870:ERROR:process_memory_win.cc(73)] ReadMemory at 0xbe88ff9fa0 of 60 bytes failed: Only part of a ReadProcessMemory or WriteProcessMemory request was completed. (0x12B)
[0108/001233.870:ERROR:process_memory_win.cc(73)] ReadMemory at 0xbe88ff9ff0 of 58 bytes failed: Only part of a ReadProcessMemory or WriteProcessMemory request was completed. (0x12B)
[0108/001233.870:ERROR:process_memory_win.cc(73)] ReadMemory at 0xbe88ffa040 of 64 bytes failed: Only part of a ReadProcessMemory or WriteProcessMemory request was completed. (0x12B)
[0108/001233.870:ERROR:process_memory_win.cc(73)] ReadMemory at 0xbe88ffa090 of 64 bytes failed: Only part of a ReadProcessMemory or WriteProcessMemory request was completed. (0x12B)
[0108/001233.870:ERROR:process_memory_win.cc(73)] ReadMemory at 0xbe88ffa0e0 of 64 bytes failed: Only part of a ReadProcessMemory or WriteProcessMemory request was completed. (0x12B)
[0108/001233.870:ERROR:process_memory_win.cc(73)] ReadMemory at 0xbe88ffa130 of 58 bytes failed: Only part of a ReadProcessMemory or WriteProcessMemory request was completed. (0x12B)
[0108/001233.870:ERROR:process_memory_win.cc(73)] ReadMemory at 0xbe88ffa1d0 of 64 bytes failed: Only part of a ReadProcessMemory or WriteProcessMemory request was completed. (0x12B)
[0108/001233.870:ERROR:process_memory_win.cc(73)] ReadMemory at 0xbe88ffa220 of 58 bytes failed: Only part of a ReadProcessMemory or WriteProcessMemory request was completed. (0x12B)
[0108/001233.870:ERROR:process_memory_win.cc(73)] ReadMemory at 0xbe88ffa270 of 62 bytes failed: Only part of a ReadProcessMemory or WriteProcessMemory request was completed. (0x12B)
[0108/001233.870:ERROR:process_memory_win.cc(73)] ReadMemory at 0xbe88ffa2c0 of 64 bytes failed: Only part of a ReadProcessMemory or WriteProcessMemory request was completed. (0x12B)
[0108/001233.870:ERROR:process_memory_win.cc(73)] ReadMemory at 0xbe88ffc990 of 132 bytes failed: Only part of a ReadProcessMemory or WriteProcessMemory request was completed. (0x12B)
[0108/001233.870:ERROR:process_memory_win.cc(73)] ReadMemory at 0xbe88ffd3c0 of 132 bytes failed: Only part of a ReadProcessMemory or WriteProcessMemory request was completed. (0x12B)
[0108/001233.870:ERROR:process_memory_win.cc(73)] ReadMemory at 0xbe88ffd700 of 132 bytes failed: Only part of a ReadProcessMemory or WriteProcessMemory request was completed. (0x12B)
[0108/001233.870:ERROR:process_memory_win.cc(73)] ReadMemory at 0xbe88ffd870 of 132 bytes failed: Only part of a ReadProcessMemory or WriteProcessMemory request was completed. (0x12B)
[0108/001233.870:ERROR:process_memory_win.cc(73)] ReadMemory at 0xbe88ffd990 of 132 bytes failed: Only part of a ReadProcessMemory or WriteProcessMemory request was completed. (0x12B)
[0108/001233.870:ERROR:process_memory_win.cc(73)] ReadMemory at 0xbe88ffdab0 of 132 bytes failed: Only part of a ReadProcessMemory or WriteProcessMemory request was completed. (0x12B)
[0108/001233.870:ERROR:process_memory_win.cc(73)] ReadMemory at 0xbe88ffdbd0 of 132 bytes failed: Only part of a ReadProcessMemory or WriteProcessMemory request was completed. (0x12B)
[0108/001233.870:ERROR:process_memory_win.cc(73)] ReadMemory at 0xbe88ffdcf0 of 132 bytes failed: Only part of a ReadProcessMemory or WriteProcessMemory request was completed. (0x12B)
[0108/001233.871:ERROR:process_memory_win.cc(73)] ReadMemory at 0xbe88ffde10 of 132 bytes failed: Only part of a ReadProcessMemory or WriteProcessMemory request was completed. (0x12B)
[0108/001233.871:ERROR:process_memory_win.cc(73)] ReadMemory at 0xbe88ffdf30 of 132 bytes failed: Only part of a ReadProcessMemory or WriteProcessMemory request was completed. (0x12B)
[0108/001233.871:ERROR:process_memory_win.cc(73)] ReadMemory at 0xbe88ffe050 of 132 bytes failed: Only part of a ReadProcessMemory or WriteProcessMemory request was completed. (0x12B)
[0108/001233.871:ERROR:process_memory_win.cc(73)] ReadMemory at 0xbe88ffe170 of 132 bytes failed: Only part of a ReadProcessMemory or WriteProcessMemory request was completed. (0x12B)
[0108/001233.871:ERROR:process_memory_win.cc(73)] ReadMemory at 0xbe88ffe290 of 132 bytes failed: Only part of a ReadProcessMemory or WriteProcessMemory request was completed. (0x12B)
[0108/001233.871:ERROR:process_memory_win.cc(73)] ReadMemory at 0xbe88ffe3b0 of 132 bytes failed: Only part of a ReadProcessMemory or WriteProcessMemory request was completed. (0x12B)
[0108/001233.871:ERROR:process_memory_win.cc(73)] ReadMemory at 0xbe88ffe4d0 of 132 bytes failed: Only part of a ReadProcessMemory or WriteProcessMemory request was completed. (0x12B)
[0108/001233.871:ERROR:process_memory_win.cc(73)] ReadMemory at 0xbe88ffe5f0 of 132 bytes failed: Only part of a ReadProcessMemory or WriteProcessMemory request was completed. (0x12B)
[0108/001233.871:ERROR:process_memory_win.cc(73)] ReadMemory at 0xbe88fffa20 of 80 bytes failed: Only part of a ReadProcessMemory or WriteProcessMemory request was completed. (0x12B)
[0108/001233.871:ERROR:process_memory_win.cc(73)] ReadMemory at 0xbe890000f0 of 132 bytes failed: Only part of a ReadProcessMemory or WriteProcessMemory request was completed. (0x12B)
[0108/001233.871:ERROR:process_memory_win.cc(73)] ReadMemory at 0xbe89000210 of 132 bytes failed: Only part of a ReadProcessMemory or WriteProcessMemory request was completed. (0x12B)
[0108/001233.871:ERROR:process_memory_win.cc(73)] ReadMemory at 0xbe890007b0 of 132 bytes failed: Only part of a ReadProcessMemory or WriteProcessMemory request was completed. (0x12B)
[0108/001233.871:ERROR:process_memory_win.cc(73)] ReadMemory at 0xbe89000d50 of 132 bytes failed: Only part of a ReadProcessMemory or WriteProcessMemory request was completed. (0x12B)
[0108/001233.871:ERROR:process_memory_win.cc(73)] ReadMemory at 0xbe89001410 of 132 bytes failed: Only part of a ReadProcessMemory or WriteProcessMemory request was completed. (0x12B)
[0108/001233.871:ERROR:process_memory_win.cc(73)] ReadMemory at 0xbe89001770 of 132 bytes failed: Only part of a ReadProcessMemory or WriteProcessMemory request was completed. (0x12B)
[0108/001233.871:ERROR:process_memory_win.cc(73)] ReadMemory at 0xbe89001ad0 of 132 bytes failed: Only part of a ReadProcessMemory or WriteProcessMemory request was completed. (0x12B)
[0108/001233.871:ERROR:process_memory_win.cc(73)] ReadMemory at 0xbe89001bf0 of 132 bytes failed: Only part of a ReadProcessMemory or WriteProcessMemory request was completed. (0x12B)
[0108/001233.871:ERROR:process_memory_win.cc(73)] ReadMemory at 0xbe89001d10 of 132 bytes failed: Only part of a ReadProcessMemory or WriteProcessMemory request was completed. (0x12B)
[0108/001233.871:ERROR:process_memory_win.cc(73)] ReadMemory at 0xbe890029d0 of 66 bytes failed: Only part of a ReadProcessMemory or WriteProcessMemory request was completed. (0x12B)
[0108/001233.872:ERROR:process_memory_win.cc(73)] ReadMemory at 0xbe89002a20 of 62 bytes failed: Only part of a ReadProcessMemory or WriteProcessMemory request was completed. (0x12B)
[0108/001233.872:ERROR:process_memory_win.cc(73)] ReadMemory at 0xbe89002b60 of 66 bytes failed: Only part of a ReadProcessMemory or WriteProcessMemory request was completed. (0x12B)
[0108/001233.872:ERROR:process_memory_win.cc(73)] ReadMemory at 0xbe89002de0 of 64 bytes failed: Only part of a ReadProcessMemory or WriteProcessMemory request was completed. (0x12B)
[0108/001233.872:ERROR:process_memory_win.cc(73)] ReadMemory at 0xbe89002e80 of 60 bytes failed: Only part of a ReadProcessMemory or WriteProcessMemory request was completed. (0x12B)
[0108/001233.872:ERROR:process_memory_win.cc(73)] ReadMemory at 0xbe89003290 of 60 bytes failed: Only part of a ReadProcessMemory or WriteProcessMemory request was completed. (0x12B)
[0108/001233.872:ERROR:process_memory_win.cc(73)] ReadMemory at 0x7ff6577cc000 of 852 bytes failed: Only part of a ReadProcessMemory or WriteProcessMemory request was completed. (0x12B)
[0108/001233.872:ERROR:process_memory_win.cc(73)] ReadMemory at 0x7ff6577ce000 of 6024 bytes failed: Only part of a ReadProcessMemory or WriteProcessMemory request was completed. (0x12B)
[0108/001233.872:ERROR:process_memory_win.cc(73)] ReadMemory at 0x7ffaf840bc20 of 512 bytes failed: Only part of a ReadProcessMemory or WriteProcessMemory request was completed. (0x12B)
[0108/001233.872:ERROR:process_memory_win.cc(73)] ReadMemory at 0x7ffb10db900c of 512 bytes failed: Only part of a ReadProcessMemory or WriteProcessMemory request was completed. (0x12B)
[0108/001233.872:ERROR:process_memory_win.cc(73)] ReadMemory at 0x7ffb138495e0 of 18 bytes failed: Only part of a ReadProcessMemory or WriteProcessMemory request was completed. (0x12B)
[0108/001233.872:ERROR:process_memory_win.cc(73)] ReadMemory at 0x7ffb138d0a1a of 512 bytes failed: Only part of a ReadProcessMemory or WriteProcessMemory request was completed. (0x12B)
[0108/001233.872:ERROR:process_memory_win.cc(73)] ReadMemory at 0x7ffb1396e8a8 of 40 bytes failed: Only part of a ReadProcessMemory or WriteProcessMemory request was completed. (0x12B)
[0108/001233.872:ERROR:process_memory_win.cc(73)] ReadMemory at 0x7ffb1396ebe0 of 48 bytes failed: Only part of a ReadProcessMemory or WriteProcessMemory request was completed. (0x12B)
[0108/001233.872:ERROR:process_memory_win.cc(73)] ReadMemory at 0x7ffb13971320 of 64 bytes failed: Only part of a ReadProcessMemory or WriteProcessMemory request was completed. (0x12B)
[0108/001233.895:ERROR:http_transport_win.cc(276)] WinHttpSendRequest: The operation completed successfully. (0x0)
[0108/001233.876:ERROR:scoped_process_suspend.cc(40)] NtResumeProcess: An attempt was made to access an exiting process. (0xc000010a)
